execve("./syshello.dynamic", ["./syshello.dynamic"], 0x7ffcabb8ba30 /* 33 vars */) = 0
brk(NULL)                               = 0x55b0bca58000
arch_prctl(0x3001 /* ARCH_??? */, 0x7ffcc76ce180) = -1 EINVAL (Invalid argument)
mmap(NULL, 8192, PROT_READ|PROT_WRITE, MAP_PRIVATE|MAP_ANONYMOUS, -1, 0) = 0x7fa399981000
access("/etc/ld.so.preload", R_OK)      = -1 ENOENT (No such file or directory)
openat(AT_FDCWD, "/etc/ld.so.cache", O_RDONLY|O_CLOEXEC) = 3
newfstatat(3, "", {st_mode=S_IFREG|0644, st_size=25095, ...}, AT_EMPTY_PATH) = 0
mmap(NULL, 25095, PROT_READ, MAP_PRIVATE, 3, 0) = 0x7fa39997a000
close(3)                                = 0
openat(AT_FDCWD, "/lib/x86_64-linux-gnu/libc.so.6", O_RDONLY|O_CLOEXEC) = 3
read(3, "\177ELF\2\1\1\3\0\0\0\0\0\0\0\0\3\0>\0\1\0\0\0P\237\2\0\0\0\0\0"..., 832) = 832
pread64(3, "\6\0\0\0\4\0\0\0@\0\0\0\0\0\0\0@\0\0\0\0\0\0\0@\0\0\0\0\0\0\0"..., 784, 64) = 784
pread64(3, "\4\0\0\0 \0\0\0\5\0\0\0GNU\0\2\0\0\300\4\0\0\0\3\0\0\0\0\0\0\0"..., 48, 848) = 48
pread64(3, "\4\0\0\0\24\0\0\0\3\0\0\0GNU\0 =\340\2563\265?\356\25x\261\27\313A#\350"..., 68, 896) = 68
newfstatat(3, "", {st_mode=S_IFREG|0755, st_size=2216304, ...}, AT_EMPTY_PATH) = 0
pread64(3, "\6\0\0\0\4\0\0\0@\0\0\0\0\0\0\0@\0\0\0\0\0\0\0@\0\0\0\0\0\0\0"..., 784, 64) = 784
mmap(NULL, 2260560, PROT_READ, MAP_PRIVATE|MAP_DENYWRITE, 3, 0) = 0x7fa399752000
mmap(0x7fa39977a000, 1658880, PROT_READ|PROT_EXEC, MAP_PRIVATE|MAP_FIXED|MAP_DENYWRITE, 3, 0x28000) = 0x7fa39977a000
mmap(0x7fa39990f000, 360448, PROT_READ, MAP_PRIVATE|MAP_FIXED|MAP_DENYWRITE, 3, 0x1bd000) = 0x7fa39990f000
mmap(0x7fa399967000, 24576, PROT_READ|PROT_WRITE, MAP_PRIVATE|MAP_FIXED|MAP_DENYWRITE, 3, 0x214000) = 0x7fa399967000
mmap(0x7fa39996d000, 52816, PROT_READ|PROT_WRITE, MAP_PRIVATE|MAP_FIXED|MAP_ANONYMOUS, -1, 0) = 0x7fa39996d000
close(3)                                = 0
mmap(NULL, 12288, PROT_READ|PROT_WRITE, MAP_PRIVATE|MAP_ANONYMOUS, -1, 0) = 0x7fa39974f000
arch_prctl(ARCH_SET_FS, 0x7fa39974f740) = 0
set_tid_address(0x7fa39974fa10)         = 1640
set_robust_list(0x7fa39974fa20, 24)     = 0
rseq(0x7fa3997500e0, 0x20, 0, 0x53053053) = 0
mprotect(0x7fa399967000, 16384, PROT_READ) = 0
mprotect(0x55b0bb30e000, 4096, PROT_READ) = 0
mprotect(0x7fa3999bb000, 8192, PROT_READ) = 0
prlimit64(0, RLIMIT_STACK, NULL, {rlim_cur=8192*1024, rlim_max=RLIM64_INFINITY}) = 0
munmap(0x7fa39997a000, 25095)           = 0
write(1, "Hello world!\n", 13)          = 13
exit_group(13)                          = ?
+++ exited with 13 +++
